<?xml version="1.0" encoding="UTF-8"?>
<testng-results skipped="0" failed="0" total="1" passed="1">
  <reporter-output>
  </reporter-output>
  <suite name="Default suite" duration-ms="9842" started-at="2016-02-22T12:46:47Z" finished-at="2016-02-22T12:46:57Z">
    <groups>
    </groups>
    <test name="Default test" duration-ms="9842" started-at="2016-02-22T12:46:47Z" finished-at="2016-02-22T12:46:57Z">
      <class name="TestFolder.TestOpenBrowser">
        <test-method status="PASS" signature="setUp()[pri:0, instance:TestFolder.TestOpenBrowser@34340fab]" name="setUp" is-config="true" duration-ms="2508" started-at="2016-02-22T14:46:47Z" finished-at="2016-02-22T14:46:50Z">
          <reporter-output>
          </reporter-output>
        </test-method> <!-- setUp -->
        <test-method status="PASS" signature="testJenkins()[pri:0, instance:TestFolder.TestOpenBrowser@34340fab]" name="testJenkins" duration-ms="7130" started-at="2016-02-22T14:46:50Z" finished-at="2016-02-22T14:46:57Z">
          <reporter-output>
          </reporter-output>
        </test-method> <!-- testJenkins -->
        <test-method status="PASS" signature="tearDown()[pri:0, instance:TestFolder.TestOpenBrowser@34340fab]" name="tearDown" is-config="true" duration-ms="188" started-at="2016-02-22T14:46:57Z" finished-at="2016-02-22T14:46:57Z">
          <reporter-output>
          </reporter-output>
        </test-method> <!-- tearDown -->
      </class> <!-- TestFolder.TestOpenBrowser -->
    </test> <!-- Default test -->
  </suite> <!-- Default suite -->
</testng-results>
